0 info it worked if it ends with ok
1 verbose cli [ '/Users/egatchell/.nvm/versions/node/v4.6.0/bin/node',
1 verbose cli   '/Users/egatchell/.nvm/versions/node/v4.6.0/bin/npm',
1 verbose cli   'start' ]
2 info using npm@3.10.8
3 info using node@v4.6.0
4 verbose run-script [ 'prestart', 'start', 'poststart' ]
5 info lifecycle react-starterify@2.4.1~prestart: react-starterify@2.4.1
6 silly lifecycle react-starterify@2.4.1~prestart: no script for prestart, continuing
7 info lifecycle react-starterify@2.4.1~start: react-starterify@2.4.1
8 verbose lifecycle react-starterify@2.4.1~start: unsafe-perm in lifecycle true
9 verbose lifecycle react-starterify@2.4.1~start: PATH: /Users/egatchell/.nvm/versions/node/v4.6.0/lib/node_modules/npm/bin/node-gyp-bin:/Users/egatchell/code/political-compass/node_modules/.bin:/Users/egatchell/.nvm/versions/node/v4.6.0/bin:/usr/local/git/bin:/usr/local/node/bin:/usr/local/mongo/bin:/usr/local/node/bin:/usr/local/heroku/bin:/usr/bin:/bin:/usr/sbin:/sbin:/usr/local/bin:/Users/egatchell/Users/egatchell/.erln8.d/bin:/Users/egatchell/.rvm/bin
10 verbose lifecycle react-starterify@2.4.1~start: CWD: /Users/egatchell/code/political-compass
11 silly lifecycle react-starterify@2.4.1~start: Args: [ '-c', 'npm run watch' ]
12 silly lifecycle react-starterify@2.4.1~start: Returned: code: 1  signal: null
13 info lifecycle react-starterify@2.4.1~start: Failed to exec start script
14 verbose stack Error: react-starterify@2.4.1 start: `npm run watch`
14 verbose stack Exit status 1
14 verbose stack     at EventEmitter.<anonymous> (/Users/egatchell/.nvm/versions/node/v4.6.0/lib/node_modules/npm/lib/utils/lifecycle.js:255:16)
14 verbose stack     at emitTwo (events.js:87:13)
14 verbose stack     at EventEmitter.emit (events.js:172:7)
14 verbose stack     at ChildProcess.<anonymous> (/Users/egatchell/.nvm/versions/node/v4.6.0/lib/node_modules/npm/lib/utils/spawn.js:40:14)
14 verbose stack     at emitTwo (events.js:87:13)
14 verbose stack     at ChildProcess.emit (events.js:172:7)
14 verbose stack     at maybeClose (internal/child_process.js:829:16)
14 verbose stack     at Process.ChildProcess._handle.onexit (internal/child_process.js:211:5)
15 verbose pkgid react-starterify@2.4.1
16 verbose cwd /Users/egatchell/code/political-compass
17 error Darwin 16.0.0
18 error argv "/Users/egatchell/.nvm/versions/node/v4.6.0/bin/node" "/Users/egatchell/.nvm/versions/node/v4.6.0/bin/npm" "start"
19 error node v4.6.0
20 error npm  v3.10.8
21 error code ELIFECYCLE
22 error react-starterify@2.4.1 start: `npm run watch`
22 error Exit status 1
23 error Failed at the react-starterify@2.4.1 start script 'npm run watch'.
23 error Make sure you have the latest version of node.js and npm installed.
23 error If you do, this is most likely a problem with the react-starterify package,
23 error not with npm itself.
23 error Tell the author that this fails on your system:
23 error     npm run watch
23 error You can get information on how to open an issue for this project with:
23 error     npm bugs react-starterify
23 error Or if that isn't available, you can get their info via:
23 error     npm owner ls react-starterify
23 error There is likely additional logging output above.
24 verbose exit [ 1, true ]
